<?xml version="1.0" encoding="UTF-8"?>
<testsuite name="com.example.animarket.AnimarketApplicationTests" tests="1" skipped="0" failures="0" errors="0" timestamp="2025-01-01T12:53:25" hostname="DESKTOP-C8KH437" time="0.657">
  <properties/>
  <testcase name="contextLoads()" classname="com.example.animarket.AnimarketApplicationTests" time="0.657"/>
  <system-out><![CDATA[21:53:18.596 [Test worker] INFO org.springframework.test.context.support.AnnotationConfigContextLoaderUtils -- Could not detect default configuration classes for test class [com.example.animarket.AnimarketApplicationTests]: AnimarketApplicationTests does not declare any static, non-private, non-final, nested classes annotated with @Configuration.
21:53:18.778 [Test worker] INFO org.springframework.boot.test.context.SpringBootTestContextBootstrapper -- Found @SpringBootConfiguration com.example.animarket.AnimarketApplication for test class com.example.animarket.AnimarketApplicationTests

  .   ____          _            __ _ _
 /\\ / ___'_ __ _ _(_)_ __  __ _ \ \ \ \
( ( )\___ | '_ | '_| | '_ \/ _` | \ \ \ \
 \\/  ___)| |_)| | | | | || (_| |  ) ) ) )
  '  |____| .__|_| |_|_| |_\__, | / / / /
 =========|_|==============|___/=/_/_/_/

 :: Spring Boot ::                (v3.3.7)

2025-01-01T21:53:19.513+09:00  INFO 9824 --- [    Test worker] c.e.animarket.AnimarketApplicationTests  : Starting AnimarketApplicationTests using Java 17.0.12 with PID 9824 (started by user in C:\Users\user\Documents\animarket\animarket)
2025-01-01T21:53:19.515+09:00  INFO 9824 --- [    Test worker] c.e.animarket.AnimarketApplicationTests  : No active profile set, falling back to 1 default profile: "default"
2025-01-01T21:53:20.674+09:00  INFO 9824 --- [    Test worker] .s.d.r.c.RepositoryConfigurationDelegate : Bootstrapping Spring Data JPA repositories in DEFAULT mode.
2025-01-01T21:53:20.781+09:00  INFO 9824 --- [    Test worker] .s.d.r.c.RepositoryConfigurationDelegate : Finished Spring Data repository scanning in 94 ms. Found 2 JPA repository interfaces.
2025-01-01T21:53:21.592+09:00  INFO 9824 --- [    Test worker] o.hibernate.jpa.internal.util.LogHelper  : HHH000204: Processing PersistenceUnitInfo [name: default]
2025-01-01T21:53:21.714+09:00  INFO 9824 --- [    Test worker] org.hibernate.Version                    : HHH000412: Hibernate ORM core version 6.5.3.Final
2025-01-01T21:53:21.783+09:00  INFO 9824 --- [    Test worker] o.h.c.internal.RegionFactoryInitiator    : HHH000026: Second-level cache disabled
2025-01-01T21:53:22.362+09:00  INFO 9824 --- [    Test worker] o.s.o.j.p.SpringPersistenceUnitInfo      : No LoadTimeWeaver setup: ignoring JPA class transformer
2025-01-01T21:53:22.421+09:00  INFO 9824 --- [    Test worker] com.zaxxer.hikari.HikariDataSource       : HikariPool-1 - Starting...
2025-01-01T21:53:22.957+09:00  INFO 9824 --- [    Test worker] com.zaxxer.hikari.pool.HikariPool        : HikariPool-1 - Added connection com.mysql.cj.jdbc.ConnectionImpl@1e4d8770
2025-01-01T21:53:22.960+09:00  INFO 9824 --- [    Test worker] com.zaxxer.hikari.HikariDataSource       : HikariPool-1 - Start completed.
2025-01-01T21:53:23.055+09:00  WARN 9824 --- [    Test worker] org.hibernate.orm.deprecation            : HHH90000025: MySQLDialect does not need to be specified explicitly using 'hibernate.dialect' (remove the property setting and it will be selected by default)
2025-01-01T21:53:24.733+09:00  INFO 9824 --- [    Test worker] o.h.e.t.j.p.i.JtaPlatformInitiator       : HHH000489: No JTA platform available (set 'hibernate.transaction.jta.platform' to enable JTA platform integration)
2025-01-01T21:53:24.738+09:00  INFO 9824 --- [    Test worker] j.LocalContainerEntityManagerFactoryBean : Initialized JPA EntityManagerFactory for persistence unit 'default'
2025-01-01T21:53:25.800+09:00  INFO 9824 --- [    Test worker] c.e.animarket.AnimarketApplicationTests  : Started AnimarketApplicationTests in 6.735 seconds (process running for 9.151)
]]></system-out>
  <system-err><![CDATA[]]></system-err>
</testsuite>
